<?xml version="1.0" encoding="UTF-8"?>
<!-- Generated by org.testng.reporters.JUnitReportReporter -->
<testsuite hostname="ASUS-TUF-F15-1650Ti" failures="0" tests="2" name="academy.tests.ErrorValidationsTest" time="14.828" errors="0" timestamp="2025-02-19T23:13:49 IST" skipped="0">
  <testcase classname="academy.tests.ErrorValidationsTest" name="LoginErrorValidation" time="6.049"/>
  <system-out/>
  <testcase classname="academy.tests.ErrorValidationsTest" name="ProductErrorValidation" time="8.779"/>
  <system-out/>
</testsuite> <!-- academy.tests.ErrorValidationsTest -->
