<?xml version="1.0" encoding="UTF-8"?>
<!-- Generated by org.testng.reporters.JUnitReportReporter -->
<testsuite hostname="ASUS-TUF-F15-1650Ti" failures="0" tests="2" name="academy.tests.ErrorValidations" time="14.315" errors="0" timestamp="2025-02-16T23:38:15 IST" skipped="0">
  <testcase classname="academy.tests.ErrorValidations" name="LoginErrorValidation" time="3.776"/>
  <system-out/>
  <testcase classname="academy.tests.ErrorValidations" name="ProductErrorValidation" time="10.539"/>
  <system-out/>
</testsuite> <!-- academy.tests.ErrorValidations -->
