<?xml version="1.0" encoding="UTF-8"?>
<!-- Generated by org.testng.reporters.JUnitReportReporter -->
<testsuite hostname="ASUS-TUF-F15-1650Ti" failures="0" tests="1" name="academy.data.DataReader" time="0.018" errors="0" timestamp="2025-02-17T17:39:43 IST" skipped="0">
  <testcase classname="academy.data.DataReader" name="getjsonDataMap" time="0.018"/>
  <system-out/>
</testsuite> <!-- academy.data.DataReader -->
