<?xml version="1.0" encoding="UTF-8"?>
<!-- Generated by org.testng.reporters.JUnitReportReporter -->
<testsuite hostname="ASUS-TUF-F15-1650Ti" failures="0" tests="4" name="academy.tests.SubmitOrderTest" time="28.353" errors="0" timestamp="2025-02-18T20:24:23 IST" skipped="0">
  <testcase classname="academy.tests.SubmitOrderTest" name="submitOrder" time="10.261"/>
  <system-out/>
  <testcase classname="academy.tests.SubmitOrderTest" name="OrderHistoryTest" time="6.222"/>
  <system-out/>
  <testcase classname="academy.tests.SubmitOrderTest" name="OrderHistoryTest" time="5.830"/>
  <system-out/>
  <testcase classname="academy.tests.SubmitOrderTest" name="submitOrder" time="6.040"/>
  <system-out/>
</testsuite> <!-- academy.tests.SubmitOrderTest -->
