<?xml version="1.0" encoding="UTF-8"?>
<!-- Generated by org.testng.reporters.JUnitReportReporter -->
<testsuite hostname="ASUS-TUF-F15-1650Ti" failures="0" tests="1" name="academy.testComponents.BaseTest" time="3.420" errors="0" timestamp="2025-02-16T20:04:44 IST" skipped="0">
  <testcase classname="academy.testComponents.BaseTest" name="initializeDriver" time="3.420"/>
  <system-out/>
</testsuite> <!-- academy.testComponents.BaseTest -->
