<?xml version="1.0" encoding="UTF-8"?>
<!-- Generated by org.testng.reporters.JUnitReportReporter -->
<testsuite hostname="ASUS-TUF-F15-1650Ti" failures="0" tests="1" name="cucumber.TestNGTestRunner" time="9.556" errors="0" timestamp="2025-02-20T00:03:30 IST" skipped="0">
  <testcase classname="cucumber.TestNGTestRunner" name="runScenario" time="9.556"/>
  <system-out/>
</testsuite> <!-- cucumber.TestNGTestRunner -->
