<?xml version="1.0" encoding="UTF-8"?>
<!-- Generated by org.testng.reporters.JUnitReportReporter -->
<testsuite hostname="ASUS-TUF-F15-1650Ti" failures="0" tests="2" name="academy.tests.ErrorValidationsTest" time="24.598" errors="0" timestamp="2025-02-20T17:52:41 IST" skipped="0">
  <testcase classname="academy.tests.ErrorValidationsTest" name="LoginErrorValidation" time="5.190"/>
  <testcase classname="academy.tests.ErrorValidationsTest" name="ProductErrorValidation" time="19.408"/>
</testsuite> <!-- academy.tests.ErrorValidationsTest -->
