<?xml version="1.0" encoding="UTF-8"?>
<!-- Generated by org.testng.reporters.JUnitReportReporter -->
<testsuite hostname="ASUS-TUF-F15-1650Ti" failures="0" tests="4" name="academy.tests.SubmitOrderTest" time="42.354" errors="0" timestamp="2025-02-20T17:52:41 IST" skipped="0">
  <testcase classname="academy.tests.SubmitOrderTest" name="OrderHistoryTest" time="8.521"/>
  <testcase classname="academy.tests.SubmitOrderTest" name="OrderHistoryTest" time="6.523"/>
  <testcase classname="academy.tests.SubmitOrderTest" name="submitOrder" time="8.968"/>
  <testcase classname="academy.tests.SubmitOrderTest" name="submitOrder" time="18.342"/>
</testsuite> <!-- academy.tests.SubmitOrderTest -->
