<?xml version="1.0" encoding="UTF-8"?>
<!-- Generated by org.testng.reporters.JUnitReportReporter -->
<testsuite hostname="ASUS-TUF-F15-1650Ti" failures="0" tests="2" name="cucumber.TestNGTestRunner" time="16.894" errors="0" timestamp="2025-02-19T23:29:05 IST" skipped="0">
  <testcase classname="cucumber.TestNGTestRunner" name="runScenario" time="8.319"/>
  <testcase classname="cucumber.TestNGTestRunner" name="runScenario" time="8.575"/>
</testsuite> <!-- cucumber.TestNGTestRunner -->
